<?xml version="1.0" encoding="utf-8"?><testsuites name="pytest tests"><testsuite name="pytest" errors="0" failures="0" skipped="0" tests="37" time="7.448" timestamp="2026-07-02T14:59:31.170901+00:00" hostname="agent-env-a2c1210a-b455-4f85-9bb0-0de93c0d39eb"><testcase classname="tests.backend_test.TestReports" name="test_report[profit-loss]" time="0.651" /><testcase classname="tests.backend_test.TestReports" name="test_report[expense-by-category]" time="0.059" /><testcase classname="tests.backend_test.TestExcel" name="test_templates_list" time="0.720" /><testcase classname="tests.backend_test.TestReports" name="test_report[revenue-by-client]" time="0.062" /><testcase classname="tests.backend_test.TestExcel" name="test_excel_download[ap_aging]" time="0.094" /><testcase classname="tests.backend_test.TestReports" name="test_report[balance-sheet]" time="0.061" /><testcase classname="tests.backend_test.TestExcel" name="test_excel_download[ar_aging]" time="0.082" /><testcase classname="tests.backend_test.TestReports" name="test_report[cash-flow]" time="0.060" /><testcase classname="tests.backend_test.TestAuth" name="test_login_success" time="0.476" /><testcase classname="tests.backend_test.TestExcel" name="test_excel_download[vat_summary]" time="0.074" /><testcase classname="tests.backend_test.TestExcel" name="test_excel_download[profit_loss]" time="0.076" /><testcase classname="tests.backend_test.TestExcel" name="test_excel_download[chart_of_accounts]" time="0.076" /><testcase classname="tests.backend_test.TestExcel" name="test_excel_download[bank_reconciliation]" time="0.262" /><testcase classname="tests.backend_test.TestAuth" name="test_login_wrong_password" time="0.352" /><testcase classname="tests.backend_test.TestExcel" name="test_excel_download[month_end_close]" time="0.084" /><testcase classname="tests.backend_test.TestCompanies" name="test_list_companies" time="0.255" /><testcase classname="tests.backend_test.TestAuth" name="test_me" time="0.056" /><testcase classname="tests.backend_test.TestAuth" name="test_register_new_user" time="0.340" /><testcase classname="tests.backend_test.TestCompanies" name="test_get_company" time="0.123" /><testcase classname="tests.backend_test.TestCompanies" name="test_company_overview" time="0.274" /><testcase classname="tests.backend_test.TestCompanies" name="test_create_update_delete_company" time="0.434" /><testcase classname="tests.backend_test.TestAPAR" name="test_payables_list_and_crud" time="0.294" /><testcase classname="tests.backend_test.TestAPAR" name="test_receivables_crud" time="0.117" /><testcase classname="tests.backend_test.TestAPAR" name="test_payables_aging" time="0.157" /><testcase classname="tests.backend_test.TestMisc" name="test_search" time="0.066" /><testcase classname="tests.backend_test.TestMisc" name="test_audit" time="0.068" /><testcase classname="tests.backend_test.TestAPAR" name="test_receivables_aging" time="0.061" /><testcase classname="tests.backend_test.TestMisc" name="test_settings_get_and_put" time="0.163" /><testcase classname="tests.backend_test.TestDocuments" name="test_list_documents" time="0.058" /><testcase classname="tests.backend_test.TestDocuments" name="test_doc_create_ocr_delete" time="2.669" /><testcase classname="tests.backend_test.TestBank" name="test_bank_csv_import" time="1.674" /><testcase classname="tests.backend_test.TestBank" name="test_bank_match_and_report" time="0.195" /><testcase classname="tests.backend_test.TestDashboard" name="test_dashboard" time="0.070" /><testcase classname="tests.backend_test.TestVAT" name="test_vat_summary" time="0.104" /><testcase classname="tests.backend_test.TestChecklist" name="test_checklist" time="0.126" /><testcase classname="tests.backend_test.TestPortal" name="test_portal" time="1.130" /><testcase classname="tests.backend_test.TestPortal" name="test_answer_question" time="0.183" /></testsuite></testsuites>