<?xml version="1.0" encoding="utf-8"?><testsuites name="pytest tests"><testsuite name="pytest" errors="0" failures="0" skipped="0" tests="11" time="2.523" timestamp="2026-07-02T15:57:11.125596+00:00" hostname="agent-env-a2c1210a-b455-4f85-9bb0-0de93c0d39eb"><testcase classname="tests.backend_test.TestExcel" name="test_templates_list" time="0.578" /><testcase classname="tests.backend_test.TestExcel" name="test_excel_download[profit_loss]" time="0.281" /><testcase classname="tests.backend_test.TestExcel" name="test_excel_download[ap_aging]" time="0.120" /><testcase classname="tests.backend_test.TestExcel" name="test_excel_download[ar_aging]" time="0.095" /><testcase classname="tests.backend_test.TestExcel" name="test_excel_download[vat_summary]" time="0.087" /><testcase classname="tests.backend_test.TestExcel" name="test_excel_download[chart_of_accounts]" time="0.088" /><testcase classname="tests.backend_test.TestExcel" name="test_excel_download[bank_reconciliation]" time="0.101" /><testcase classname="tests.backend_test.TestExcel" name="test_excel_download[month_end_close]" time="0.087" /><testcase classname="tests.backend_test.TestExcel" name="test_excel_download[expense_tracker]" time="0.099" /><testcase classname="tests.backend_test.TestExcel" name="test_excel_download[revenue_tracker]" time="0.096" /><testcase classname="tests.backend_test.TestExcel" name="test_excel_download_with_company" time="0.158" /></testsuite></testsuites>